<?xml version="1.0" encoding="UTF-8"?>
<testsuite name="com.zprolab.FreePlayer.QueueLogicTest" tests="11" skipped="0" failures="0" errors="0" timestamp="2026-08-08T14:38:35.861Z" hostname="taoyuchendeMacBook-Pro.local" time="0.001">
  <properties/>
  <testcase name="sequentialNext" classname="com.zprolab.FreePlayer.QueueLogicTest" time="0.0"/>
  <testcase name="sequentialPrev" classname="com.zprolab.FreePlayer.QueueLogicTest" time="0.0"/>
  <testcase name="emptyQueueReturnsMinusOne" classname="com.zprolab.FreePlayer.QueueLogicTest" time="0.0"/>
  <testcase name="shuffleNextStaysInBounds" classname="com.zprolab.FreePlayer.QueueLogicTest" time="0.001"/>
  <testcase name="sequentialNextWrapsToFirst" classname="com.zprolab.FreePlayer.QueueLogicTest" time="0.0"/>
  <testcase name="shuffleNeverMutatesInput" classname="com.zprolab.FreePlayer.QueueLogicTest" time="0.0"/>
  <testcase name="sequentialPrevWrapsToLast" classname="com.zprolab.FreePlayer.QueueLogicTest" time="0.0"/>
  <testcase name="shufflePrevStaysInBounds" classname="com.zprolab.FreePlayer.QueueLogicTest" time="0.0"/>
  <testcase name="prevRestartsCurrentTrackAfter3Seconds" classname="com.zprolab.FreePlayer.QueueLogicTest" time="0.0"/>
  <testcase name="repeatOneNextKeepsIndex" classname="com.zprolab.FreePlayer.QueueLogicTest" time="0.0"/>
  <testcase name="shuffleIsAPermutation" classname="com.zprolab.FreePlayer.QueueLogicTest" time="0.0"/>
  <system-out><![CDATA[]]></system-out>
  <system-err><![CDATA[]]></system-err>
</testsuite>
