<?xml version="1.0" encoding="UTF-8"?>
<testsuite name="com.zprolab.FreePlayer.LrcParserTest" tests="12" skipped="0" failures="0" errors="0" timestamp="2026-08-08T14:38:35.838Z" hostname="taoyuchendeMacBook-Pro.local" time="0.021">
  <properties/>
  <testcase name="parsesMmSsXxAndMmSs" classname="com.zprolab.FreePlayer.LrcParserTest" time="0.014"/>
  <testcase name="colonOrDotForCentiseconds" classname="com.zprolab.FreePlayer.LrcParserTest" time="0.0"/>
  <testcase name="metadataLinesAreSkipped" classname="com.zprolab.FreePlayer.LrcParserTest" time="0.001"/>
  <testcase name="decodeShiftJis" classname="com.zprolab.FreePlayer.LrcParserTest" time="0.005"/>
  <testcase name="decodeUtf8" classname="com.zprolab.FreePlayer.LrcParserTest" time="0.0"/>
  <testcase name="emptyTextLinesAreSkipped" classname="com.zprolab.FreePlayer.LrcParserTest" time="0.0"/>
  <testcase name="decodeGb18030" classname="com.zprolab.FreePlayer.LrcParserTest" time="0.0"/>
  <testcase name="centisecondsPadLikeDesktop" classname="com.zprolab.FreePlayer.LrcParserTest" time="0.0"/>
  <testcase name="multipleTimeTagsExpandThenDedupe" classname="com.zprolab.FreePlayer.LrcParserTest" time="0.0"/>
  <testcase name="sanitizeRemovesControlAndZeroWidthChars" classname="com.zprolab.FreePlayer.LrcParserTest" time="0.0"/>
  <testcase name="activeIndexPicksLastLineAtOrBeforeTime" classname="com.zprolab.FreePlayer.LrcParserTest" time="0.0"/>
  <testcase name="sortedByTimeAndAdjacentDuplicatesRemoved" classname="com.zprolab.FreePlayer.LrcParserTest" time="0.0"/>
  <system-out><![CDATA[]]></system-out>
  <system-err><![CDATA[]]></system-err>
</testsuite>
